<clones>
<systeminfo processor="nicad3" system="junit4" granularity="functions" threshold="0%" minlines="10" maxlines="2500"/>
<cloneinfo npcs="1366" npairs="0"/>
<runinfo ncompares="1497" cputime="34883"/>
<classinfo nclasses="0"/>

</clones>
